<?xml version="1.0" encoding="UTF-8"?>
<!-- Generated by org.testng.reporters.JUnitReportReporter -->
<testsuite hostname="DESKTOP-H5KK288" failures="0" tests="1" name="com.ecommerce.tests.RegistrationTest" time="6.322" errors="0" timestamp="18 Mar 2020 15:18:19 GMT">
  <testcase classname="com.ecommerce.tests.RegistrationTest" name="testRegisterUser" time="6.322"/>
</testsuite> <!-- com.ecommerce.tests.RegistrationTest -->
